2023-01-09T13:42:48+00:00 CRITICAL Uncaught Error: Call to undefined function the_conttent() in C:\Users\yurav\www\web\wp-furn\wp-content\themes\furn\team.php:11
Stack trace:
#0 C:\Users\yurav\www\web\wp-furn\wp-includes\template-loader.php(106): include()
#1 C:\Users\yurav\www\web\wp-furn\wp-blog-header.php(19): require_once('C:\\Users\\yurav\\...')
#2 C:\Users\yurav\www\web\wp-furn\index.php(17): require('C:\\Users\\yurav\\...')
#3 {main}
  thrown в C:\Users\yurav\www\web\wp-furn\wp-content\themes\furn\team.php на строке 11

2023-01-09T14:16:59+00:00 CRITICAL Uncaught Error: Call to undefined function the_shortcode() in C:\Users\yurav\www\web\wp-furn\wp-content\themes\furn\contact.php:22
Stack trace:
#0 C:\Users\yurav\www\web\wp-furn\wp-includes\template-loader.php(106): include()
#1 C:\Users\yurav\www\web\wp-furn\wp-blog-header.php(19): require_once('C:\\Users\\yurav\\...')
#2 C:\Users\yurav\www\web\wp-furn\index.php(17): require('C:\\Users\\yurav\\...')
#3 {main}
  thrown в C:\Users\yurav\www\web\wp-furn\wp-content\themes\furn\contact.php на строке 22

2023-01-09T16:02:06+00:00 CRITICAL syntax error, unexpected ')' в C:\Users\yurav\www\web\wp-furn\wp-content\themes\furn\functions.php на строке 191

2023-01-09T16:02:06+00:00 CRITICAL syntax error, unexpected ')' в C:\Users\yurav\www\web\wp-furn\wp-content\themes\furn\functions.php на строке 191

2023-01-09T16:02:20+00:00 CRITICAL Uncaught Error: Class 'http\Env\Url' not found in C:\Users\yurav\www\web\wp-furn\wp-content\themes\furn\functions.php:191
Stack trace:
#0 C:\Users\yurav\www\web\wp-furn\wp-includes\class-wp-hook.php(308): send_message_contact()
#1 C:\Users\yurav\www\web\wp-furn\wp-includes\class-wp-hook.php(332): WP_Hook->apply_filters()
#2 C:\Users\yurav\www\web\wp-furn\wp-includes\plugin.php(517): WP_Hook->do_action()
#3 C:\Users\yurav\www\web\wp-furn\wp-admin\admin-ajax.php(188): do_action()
#4 {main}
  thrown в C:\Users\yurav\www\web\wp-furn\wp-content\themes\furn\functions.php на строке 191

2023-01-09T16:08:10+00:00 CRITICAL Cannot re-assign auto-global variable _POST в C:\Users\yurav\www\web\wp-furn\wp-content\themes\furn\functions.php на строке 177

2023-01-09T16:08:11+00:00 CRITICAL Cannot re-assign auto-global variable _POST в C:\Users\yurav\www\web\wp-furn\wp-content\themes\furn\functions.php на строке 177

