2023-01-08T11:28:15+00:00 CRITICAL Uncaught Error: Call to undefined function the_field() in C:\Users\yurav\www\web\wp-furn\wp-content\themes\furn\delivery.php:13
Stack trace:
#0 C:\Users\yurav\www\web\wp-furn\wp-includes\template-loader.php(106): include()
#1 C:\Users\yurav\www\web\wp-furn\wp-blog-header.php(19): require_once('C:\\Users\\yurav\\...')
#2 C:\Users\yurav\www\web\wp-furn\index.php(17): require('C:\\Users\\yurav\\...')
#3 {main}
  thrown в C:\Users\yurav\www\web\wp-furn\wp-content\themes\furn\delivery.php на строке 13

2023-01-08T11:28:30+00:00 CRITICAL Uncaught Error: Call to undefined function the_field() in C:\Users\yurav\www\web\wp-furn\wp-content\themes\furn\team.php:10
Stack trace:
#0 C:\Users\yurav\www\web\wp-furn\wp-includes\template-loader.php(106): include()
#1 C:\Users\yurav\www\web\wp-furn\wp-blog-header.php(19): require_once('C:\\Users\\yurav\\...')
#2 C:\Users\yurav\www\web\wp-furn\index.php(17): require('C:\\Users\\yurav\\...')
#3 {main}
  thrown в C:\Users\yurav\www\web\wp-furn\wp-content\themes\furn\team.php на строке 10

2023-01-08T11:28:32+00:00 CRITICAL Uncaught Error: Call to undefined function the_field() in C:\Users\yurav\www\web\wp-furn\wp-content\themes\furn\contact.php:12
Stack trace:
#0 C:\Users\yurav\www\web\wp-furn\wp-includes\template-loader.php(106): include()
#1 C:\Users\yurav\www\web\wp-furn\wp-blog-header.php(19): require_once('C:\\Users\\yurav\\...')
#2 C:\Users\yurav\www\web\wp-furn\index.php(17): require('C:\\Users\\yurav\\...')
#3 {main}
  thrown в C:\Users\yurav\www\web\wp-furn\wp-content\themes\furn\contact.php на строке 12

